<?xml version="1.0" encoding="UTF-8"?>
<!-- Generated by org.testng.reporters.JUnitXMLReporter -->
<testsuite ignored="2" hostname="Z422" failures="1" tests="2" name="Test" time="197.627" errors="0" timestamp="2022-03-06T22:45:52 IST">
  <testcase classname="com.crm.TestngImplimentTests.CreateOrgTest" name="CreateOrgTest" time="69.447"/>
  <testcase classname="com.crm.TestngImplimentTests.CreateConWithOrgBCtest" name="CreateConWithOrgBC" time="32.412">
    <failure type="java.lang.AssertionError" message="null">
      <![CDATA[java.lang.AssertionError: null
at com.crm.TestngImplimentTests.CreateConWithOrgBCtest.CreateConWithOrgBC(CreateConWithOrgBCtest.java:27)
at java.base/java.util.ArrayList.forEach(ArrayList.java:1511)
... Removed 29 stack frames]]>
    </failure>
  </testcase> <!-- CreateConWithOrgBC -->
  <testcase classname="com.crm.GenericLibrary.BaseClass" name="@AfterSuite closeDb" time="0.0">
    <ignored/>
  </testcase> <!-- @AfterSuite closeDb -->
  <testcase classname="com.crm.GenericLibrary.BaseClass" name="@BeforeSuite connectDataBase" time="0.0">
    <ignored/>
  </testcase> <!-- @BeforeSuite connectDataBase -->
</testsuite> <!-- Test -->
