<?xml version="1.0" encoding="UTF-8"?>
<testng-results ignored="0" total="1" passed="0" failed="1" skipped="0">
  <reporter-output>
    <line>
      <![CDATA[====database connection sucessfull===]]>
    </line>
    <line>
      <![CDATA[====browser launch sucessful===]]>
    </line>
    <line>
      <![CDATA[====LOGIN sucessful===]]>
    </line>
    <line>
      <![CDATA[[ CON51 ] megha - Contact Informationcon created]]>
    </line>
    <line>
      <![CDATA[===sucessfually logout====]]>
    </line>
    <line>
      <![CDATA[===database close sucessfull====]]>
    </line>
  </reporter-output>
  <suite started-at="2022-03-17T11:48:03 IST" name="Default suite" finished-at="2022-03-17T11:49:34 IST" duration-ms="90966">
    <groups>
    </groups>
    <test started-at="2022-03-17T11:48:03 IST" name="Default test" finished-at="2022-03-17T11:49:34 IST" duration-ms="90966">
      <class name="com.crm.TestngImplimentTests.CreateContactTest">
        <test-method is-config="true" signature="connectDataBase()[pri:0, instance:com.crm.TestngImplimentTests.CreateContactTest@485966cc]" started-at="2022-03-17T11:48:03 IST" name="connectDataBase" finished-at="2022-03-17T11:48:03 IST" duration-ms="19" status="PASS">
          <reporter-output>
            <line>
              <![CDATA[====database connection sucessfull===]]>
            </line>
          </reporter-output>
        </test-method> <!-- connectDataBase -->
        <test-method is-config="true" signature="lunchTheBrowser()[pri:0, instance:com.crm.TestngImplimentTests.CreateContactTest@485966cc]" started-at="2022-03-17T11:48:04 IST" name="lunchTheBrowser" finished-at="2022-03-17T11:48:16 IST" duration-ms="11215" status="PASS">
          <reporter-output>
            <line>
              <![CDATA[====browser launch sucessful===]]>
            </line>
          </reporter-output>
        </test-method> <!-- lunchTheBrowser -->
        <test-method is-config="true" signature="login()[pri:0, instance:com.crm.TestngImplimentTests.CreateContactTest@485966cc]" started-at="2022-03-17T11:48:16 IST" name="login" finished-at="2022-03-17T11:48:31 IST" duration-ms="15311" status="PASS">
          <reporter-output>
            <line>
              <![CDATA[====LOGIN sucessful===]]>
            </line>
          </reporter-output>
        </test-method> <!-- login -->
        <test-method signature="CreateContact()[pri:0, instance:com.crm.TestngImplimentTests.CreateContactTest@485966cc]" started-at="2022-03-17T11:48:31 IST" name="CreateContact" finished-at="2022-03-17T11:49:27 IST" duration-ms="56504" status="FAIL">
          <exception class="java.lang.AssertionError">
            <message>
              <![CDATA[The following asserts failed:
expected [true] but found [false]]]>
            </message>
            <full-stacktrace>
              <![CDATA[java.lang.AssertionError: The following asserts failed:
expected [true] but found [false]
at org.testng.asserts.SoftAssert.assertAll(SoftAssert.java:47)
at org.testng.asserts.SoftAssert.assertAll(SoftAssert.java:31)
at com.crm.TestngImplimentTests.CreateContactTest.CreateContact(CreateContactTest.java:66)
at java.base/jdk.internal.reflect.NativeMethodAccessorImpl.invoke0(Native Method)
at java.base/jdk.internal.reflect.NativeMethodAccessorImpl.invoke(NativeMethodAccessorImpl.java:78)
at java.base/jdk.internal.reflect.DelegatingMethodAccessorImpl.invoke(DelegatingMethodAccessorImpl.java:43)
at java.base/java.lang.reflect.Method.invoke(Method.java:567)
at org.testng.internal.MethodInvocationHelper.invokeMethod(MethodInvocationHelper.java:133)
at org.testng.internal.TestInvoker.invokeMethod(TestInvoker.java:598)
at org.testng.internal.TestInvoker.invokeTestMethod(TestInvoker.java:173)
at org.testng.internal.MethodRunner.runInSequence(MethodRunner.java:46)
at org.testng.internal.TestInvoker$MethodInvocationAgent.invoke(TestInvoker.java:824)
at org.testng.internal.TestInvoker.invokeTestMethods(TestInvoker.java:146)
at org.testng.internal.TestMethodWorker.invokeTestMethods(TestMethodWorker.java:146)
at org.testng.internal.TestMethodWorker.run(TestMethodWorker.java:128)
at java.base/java.util.ArrayList.forEach(ArrayList.java:1511)
at org.testng.TestRunner.privateRun(TestRunner.java:794)
at org.testng.TestRunner.run(TestRunner.java:596)
at org.testng.SuiteRunner.runTest(SuiteRunner.java:377)
at org.testng.SuiteRunner.runSequentially(SuiteRunner.java:371)
at org.testng.SuiteRunner.privateRun(SuiteRunner.java:332)
at org.testng.SuiteRunner.run(SuiteRunner.java:276)
at org.testng.SuiteRunnerWorker.runSuite(SuiteRunnerWorker.java:53)
at org.testng.SuiteRunnerWorker.run(SuiteRunnerWorker.java:96)
at org.testng.TestNG.runSuitesSequentially(TestNG.java:1212)
at org.testng.TestNG.runSuitesLocally(TestNG.java:1134)
at org.testng.TestNG.runSuites(TestNG.java:1063)
at org.testng.TestNG.run(TestNG.java:1031)
at org.testng.remote.AbstractRemoteTestNG.run(AbstractRemoteTestNG.java:115)
at org.testng.remote.RemoteTestNG.initAndRun(RemoteTestNG.java:251)
at org.testng.remote.RemoteTestNG.main(RemoteTestNG.java:77)
]]>
            </full-stacktrace>
          </exception> <!-- java.lang.AssertionError -->
          <reporter-output>
            <line>
              <![CDATA[[ CON51 ] megha - Contact Informationcon created]]>
            </line>
          </reporter-output>
        </test-method> <!-- CreateContact -->
        <test-method is-config="true" signature="logout()[pri:0, instance:com.crm.TestngImplimentTests.CreateContactTest@485966cc]" started-at="2022-03-17T11:49:28 IST" name="logout" finished-at="2022-03-17T11:49:34 IST" duration-ms="6486" status="PASS">
          <reporter-output>
            <line>
              <![CDATA[===sucessfually logout====]]>
            </line>
          </reporter-output>
        </test-method> <!-- logout -->
        <test-method is-config="true" signature="closeDb()[pri:0, instance:com.crm.TestngImplimentTests.CreateContactTest@485966cc]" started-at="2022-03-17T11:49:37 IST" name="closeDb" finished-at="2022-03-17T11:49:39 IST" duration-ms="1746" status="PASS">
          <reporter-output>
            <line>
              <![CDATA[===database close sucessfull====]]>
            </line>
          </reporter-output>
        </test-method> <!-- closeDb -->
      </class> <!-- com.crm.TestngImplimentTests.CreateContactTest -->
    </test> <!-- Default test -->
  </suite> <!-- Default suite -->
</testng-results>
